<?xml version="1.0" encoding="UTF-8"?>
<!-- Generated by org.testng.reporters.JUnitXMLReporter -->
<testsuite ignored="0" hostname="Delldesktop" failures="0" tests="1" name="Test" time="0.11" errors="0" timestamp="2025-07-26T15:32:24 IST">
  <testcase classname="testbase.Baseclass" name="@BeforeClass setup" time="-1.753524144855E9">
    <failure type="org.testng.TestNGException" message="
Parameter &amp;apos;os&amp;apos; is required by BeforeClass on method setup but has not been marked @Optional or defined
in C:\Users\chand\Desktop\kalabairava\harii\platinum for testing\Opencart121v\testngasdf.xml">
      <![CDATA[org.testng.TestNGException: 
Parameter 'os' is required by BeforeClass on method setup but has not been marked @Optional or defined
in C:\Users\chand\Desktop\kalabairava\harii\platinum for testing\Opencart121v\testngasdf.xml
at java.base/java.util.ArrayList.forEach(ArrayList.java:1597)
... Removed 22 stack frames]]>
    </failure>
  </testcase> <!-- @BeforeClass setup -->
  <testcase classname="testbase.Baseclass" name="@AfterClass teardown" time="0.0">
    <skipped/>
  </testcase> <!-- @AfterClass teardown -->
  <testcase classname="testCases.verifyMyacc" name="testverifyMyaccount" time="0.0">
    <skipped/>
  </testcase> <!-- testverifyMyaccount -->
</testsuite> <!-- Test -->
